<?xml version="1.0" encoding="UTF-8"?>
<Site BuildName="(empty)"
	BuildStamp="20260626-1605-Experimental"
	Name="(empty)"
	Generator="ctest-4.2.5"
	CompilerName=""
	CompilerVersion=""
	OSName="Linux"
	Hostname="localhost"
	OSRelease="6.6.87.2-microsoft-standard-WSL2"
	OSVersion="#1 SMP PREEMPT_DYNAMIC Thu Jun  5 18:30:46 UTC 2025"
	OSPlatform="x86_64"
	Is64Bits="1"
	VendorString="GenuineIntel"
	VendorID="Intel Corporation"
	FamilyID="6"
	ModelID="197"
	ModelName="Intel(R) Core(TM) Ultra 5 225H"
	ProcessorCacheSize="18432"
	NumberOfLogicalCPU="6"
	NumberOfPhysicalCPU="6"
	TotalVirtualMemory="2048"
	TotalPhysicalMemory="9946"
	LogicalProcessorsPerPhysical="1"
	ProcessorClockFrequency="3686.4"
	>
	<Testing>
		<StartDateTime>Jun 27 07:33 CST</StartDateTime>
		<StartTestTime>1782516797</StartTestTime>
		<TestList/>
		<EndDateTime>Jun 27 07:33 CST</EndDateTime>
		<EndTestTime>1782516797</EndTestTime>
		<ElapsedMinutes>0</ElapsedMinutes>
	</Testing>
</Site>
